# vsim work.top -l result.log -sv_lib C:/questasim_10.4e/uvm-1.1c/win32/uvm_dpi -voptargs="+acc" "+UVM_TESTNAME=pcie_single_write_read_aligned_test" 
# Start time: 12:52:01 on Jun 26,2026
# ** Note: (vsim-3812) Design is being optimized...
# 
# ** Note: (vopt-143) Recognized 1 FSM in module "ddr5_bank_scheduler(fast)".
# 
# ** Note: (vopt-143) Recognized 1 FSM in module "ddr5_phy(fast)".
# 
# Loading sv_std.std
# Loading mtiUvm.uvm_pkg
# Loading work.tb_run_sv_unit(fast)
# Loading work.top(fast)
# Loading work.ddr5_pkg(fast)
# Loading work.run_sv_unit(fast)
# Loading work.axi_pcie_intf(fast__1)
# Loading work.axi_cfg_intf(fast__1)
# Loading work.dfi5_if(fast__1)
# Loading work.ddr5_mem_if_sv_unit(fast)
# Loading work.mem_if(fast__1)
# Loading work.axi64_to_dut512_bridge(fast)
# Loading work.ddr5_ctrl_top(fast)
# Loading work.ddr5_init_fsm(fast)
# Loading work.ddr5_axi_frontend_clean(fast)
# Loading work.ddr5_sub_ch_demux(fast)
# Loading work.ddr5_refresh_engine(fast)
# Loading work.ddr5_bank_scheduler(fast)
# Loading work.ddr5_cmd_encoder(fast)
# Loading work.ddr5_phy(fast)
# Loading work.ddr5_zq_cal(fast)
# Loading work.ddr5_sv_unit(fast)
# Loading work.ddr5(fast)
# Loading mtiUvm.questa_uvm_pkg(fast)
# Loading work.axi_pcie_intf(fast)
# Loading work.axi_cfg_intf(fast)
# Loading C:/questasim_10.4e/uvm-1.1c/win32/uvm_dpi.dll
